mode: atomic
biometrics-cli/pkg/agents/config.go:19.68,31.2 1 0
biometrics-cli/pkg/agents/config.go:34.37,87.2 1 0
biometrics-cli/pkg/agents/config.go:98.37,116.2 1 0
biometrics-cli/pkg/delegation/patterns/chain.go:16.104,22.2 1 0
biometrics-cli/pkg/delegation/patterns/chain.go:24.55,26.2 1 0
biometrics-cli/pkg/delegation/patterns/chain.go:28.85,31.31 2 0
biometrics-cli/pkg/delegation/patterns/chain.go:31.31,32.10 1 0
biometrics-cli/pkg/delegation/patterns/chain.go:33.21,34.25 1 0
biometrics-cli/pkg/delegation/patterns/chain.go:35.11,35.11 0 0
biometrics-cli/pkg/delegation/patterns/chain.go:38.3,38.33 1 0
biometrics-cli/pkg/delegation/patterns/chain.go:38.33,40.4 1 0
biometrics-cli/pkg/delegation/patterns/chain.go:42.3,45.10 3 0
biometrics-cli/pkg/delegation/patterns/chain.go:46.31,48.23 2 0
biometrics-cli/pkg/delegation/patterns/chain.go:48.23,50.5 1 0
biometrics-cli/pkg/delegation/patterns/chain.go:51.38,52.40 1 0
biometrics-cli/pkg/delegation/patterns/chain.go:56.2,56.24 1 0
biometrics-cli/pkg/delegation/patterns/fanin.go:19.120,32.2 2 0
biometrics-cli/pkg/delegation/patterns/fanin.go:34.61,36.2 1 0
biometrics-cli/pkg/delegation/patterns/fanin.go:38.60,40.2 1 0
biometrics-cli/pkg/delegation/patterns/fanin.go:42.85,45.37 2 0
biometrics-cli/pkg/delegation/patterns/fanin.go:45.37,47.3 1 0
biometrics-cli/pkg/delegation/patterns/fanin.go:49.2,50.16 2 0
biometrics-cli/pkg/delegation/patterns/fanin.go:50.16,52.3 1 0
biometrics-cli/pkg/delegation/patterns/fanin.go:54.2,55.16 2 0
biometrics-cli/pkg/delegation/patterns/fanin.go:55.16,57.3 1 0
biometrics-cli/pkg/delegation/patterns/fanin.go:59.2,59.24 1 0
biometrics-cli/pkg/delegation/patterns/fanin.go:59.24,64.10 4 0
biometrics-cli/pkg/delegation/patterns/fanin.go:65.31,66.22 1 0
biometrics-cli/pkg/delegation/patterns/fanin.go:67.38,68.40 1 0
biometrics-cli/pkg/delegation/patterns/fanin.go:72.2,76.8 1 0
biometrics-cli/pkg/delegation/patterns/fanout.go:19.122,32.2 2 0
biometrics-cli/pkg/delegation/patterns/fanout.go:34.56,36.2 1 0
biometrics-cli/pkg/delegation/patterns/fanout.go:38.88,43.31 3 0
biometrics-cli/pkg/delegation/patterns/fanout.go:43.31,45.31 2 0
biometrics-cli/pkg/delegation/patterns/fanout.go:45.31,50.11 4 0
biometrics-cli/pkg/delegation/patterns/fanout.go:51.32,52.44 1 0
biometrics-cli/pkg/delegation/patterns/fanout.go:53.39,53.39 0 0
biometrics-cli/pkg/delegation/patterns/fanout.go:58.2,59.12 2 0
biometrics-cli/pkg/delegation/patterns/fanout.go:59.12,62.3 2 0
biometrics-cli/pkg/delegation/patterns/fanout.go:64.2,64.9 1 0
biometrics-cli/pkg/delegation/patterns/fanout.go:65.14,66.44 1 0
biometrics-cli/pkg/delegation/patterns/fanout.go:67.38,68.44 1 0
biometrics-cli/pkg/delegation/patterns/fanout.go:72.54,74.2 1 0
biometrics-cli/pkg/delegation/patterns/retry.go:18.143,25.2 1 0
biometrics-cli/pkg/delegation/patterns/retry.go:27.55,29.2 1 0
biometrics-cli/pkg/delegation/patterns/retry.go:31.85,34.55 2 0
biometrics-cli/pkg/delegation/patterns/retry.go:34.55,35.10 1 0
biometrics-cli/pkg/delegation/patterns/retry.go:36.21,37.25 1 0
biometrics-cli/pkg/delegation/patterns/retry.go:38.11,38.11 0 0
biometrics-cli/pkg/delegation/patterns/retry.go:41.3,41.18 1 0
biometrics-cli/pkg/delegation/patterns/retry.go:41.18,43.4 1 0
biometrics-cli/pkg/delegation/patterns/retry.go:45.3,48.10 3 0
biometrics-cli/pkg/delegation/patterns/retry.go:49.31,50.22 1 0
biometrics-cli/pkg/delegation/patterns/retry.go:50.22,52.5 1 0
biometrics-cli/pkg/delegation/patterns/retry.go:53.4,53.28 1 0
biometrics-cli/pkg/delegation/patterns/retry.go:54.38,55.40 1 0
biometrics-cli/pkg/delegation/patterns/retry.go:59.2,63.14 1 0
biometrics-cli/pkg/delegation/patterns/timeout.go:17.131,23.2 1 0
biometrics-cli/pkg/delegation/patterns/timeout.go:25.57,27.2 1 0
biometrics-cli/pkg/delegation/patterns/timeout.go:29.87,36.9 5 0
biometrics-cli/pkg/delegation/patterns/timeout.go:37.30,38.21 1 0
biometrics-cli/pkg/delegation/patterns/timeout.go:39.20,44.30 1 0
biometrics-cli/pkg/ratelimit/limiter.go:36.99,45.2 3 0
biometrics-cli/pkg/ratelimit/limiter.go:47.75,50.2 2 0
biometrics-cli/pkg/ratelimit/limiter.go:52.75,55.2 2 0
biometrics-cli/pkg/ratelimit/limiter.go:57.58,59.2 1 0
biometrics-cli/pkg/ratelimit/limiter.go:61.49,63.2 1 0
biometrics-cli/pkg/ratelimit/limiter.go:65.68,66.45 1 0
biometrics-cli/pkg/ratelimit/limiter.go:66.45,70.3 3 0
biometrics-cli/pkg/ratelimit/limiter.go:72.2,79.16 4 0
biometrics-cli/pkg/ratelimit/limiter.go:82.45,86.21 3 0
biometrics-cli/pkg/ratelimit/limiter.go:86.21,88.3 1 0
biometrics-cli/pkg/ratelimit/limiter.go:91.41,96.54 4 0
biometrics-cli/pkg/ratelimit/limiter.go:96.54,98.44 2 0
biometrics-cli/pkg/ratelimit/limiter.go:98.44,100.4 1 0
biometrics-cli/pkg/ratelimit/limiter.go:101.3,101.14 1 0
biometrics-cli/pkg/ratelimit/limiter.go:117.85,122.2 1 0
biometrics-cli/pkg/ratelimit/limiter.go:124.77,136.40 6 0
biometrics-cli/pkg/ratelimit/limiter.go:136.40,137.28 1 0
biometrics-cli/pkg/ratelimit/limiter.go:137.28,138.24 1 0
biometrics-cli/pkg/ratelimit/limiter.go:138.24,140.5 1 0
biometrics-cli/pkg/ratelimit/limiter.go:142.3,142.22 1 0
biometrics-cli/pkg/ratelimit/limiter.go:145.2,146.33 2 0
biometrics-cli/pkg/ratelimit/limiter.go:146.33,148.3 1 0
biometrics-cli/pkg/ratelimit/limiter.go:150.2,150.23 1 0
biometrics-cli/pkg/ratelimit/limiter.go:150.23,153.3 2 0
biometrics-cli/pkg/ratelimit/limiter.go:155.2,158.13 3 0
biometrics-cli/pkg/ratelimit/limiter.go:161.77,162.26 1 0
biometrics-cli/pkg/ratelimit/limiter.go:162.26,163.10 1 0
biometrics-cli/pkg/ratelimit/limiter.go:164.21,165.20 1 0
biometrics-cli/pkg/ratelimit/limiter.go:166.45,166.45 0 0
biometrics-cli/pkg/ratelimit/limiter.go:169.2,169.12 1 0
biometrics-cli/pkg/ratelimit/limiter.go:172.60,178.2 1 0
biometrics-cli/pkg/ratelimit/limiter.go:180.51,182.2 1 0
biometrics-cli/pkg/ratelimit/limiter.go:190.113,194.58 1 0
biometrics-cli/pkg/ratelimit/limiter.go:194.59,194.60 0 0
biometrics-cli/pkg/ratelimit/limiter.go:198.92,200.2 1 0
biometrics-cli/pkg/ratelimit/limiter.go:202.108,203.41 1 0
biometrics-cli/pkg/ratelimit/limiter.go:203.41,206.33 2 0
biometrics-cli/pkg/ratelimit/limiter.go:206.33,209.4 2 0
biometrics-cli/pkg/ratelimit/limiter.go:211.3,211.19 1 0
biometrics-cli/pkg/mcp/context7.go:14.59,19.2 1 0
biometrics-cli/pkg/mcp/context7.go:21.40,23.2 1 0
biometrics-cli/pkg/mcp/context7.go:25.61,26.17 1 0
biometrics-cli/pkg/mcp/context7.go:26.17,28.3 1 0
biometrics-cli/pkg/mcp/context7.go:30.2,31.12 2 0
biometrics-cli/pkg/mcp/context7.go:34.64,35.18 1 0
biometrics-cli/pkg/mcp/context7.go:35.18,37.3 1 0
biometrics-cli/pkg/mcp/context7.go:39.2,40.12 2 0
biometrics-cli/pkg/mcp/context7.go:43.77,53.18 3 0
biometrics-cli/pkg/mcp/context7.go:53.18,56.3 2 0
biometrics-cli/pkg/mcp/context7.go:58.2,58.20 1 0
biometrics-cli/pkg/mcp/context7.go:61.45,63.2 1 0
biometrics-cli/pkg/mcp/context7.go:65.103,66.18 1 0
biometrics-cli/pkg/mcp/context7.go:66.18,71.3 1 0
biometrics-cli/pkg/mcp/context7.go:73.2,73.23 1 0
biometrics-cli/pkg/mcp/context7.go:73.23,78.3 1 0
biometrics-cli/pkg/mcp/context7.go:80.2,86.8 1 0
biometrics-cli/pkg/mcp/context7.go:89.110,90.18 1 0
biometrics-cli/pkg/mcp/context7.go:90.18,95.3 1 0
biometrics-cli/pkg/mcp/context7.go:97.2,103.8 1 0
biometrics-cli/pkg/mcp/registry.go:16.36,21.2 1 0
biometrics-cli/pkg/mcp/registry.go:23.75,27.21 3 0
biometrics-cli/pkg/mcp/registry.go:27.21,29.3 1 0
biometrics-cli/pkg/mcp/registry.go:31.2,34.12 3 0
biometrics-cli/pkg/mcp/registry.go:37.53,41.43 3 0
biometrics-cli/pkg/mcp/registry.go:41.43,43.3 1 0
biometrics-cli/pkg/mcp/registry.go:45.2,48.12 3 0
biometrics-cli/pkg/mcp/registry.go:51.65,56.13 4 0
biometrics-cli/pkg/mcp/registry.go:56.13,58.3 1 0
biometrics-cli/pkg/mcp/registry.go:60.2,60.20 1 0
biometrics-cli/pkg/mcp/registry.go:63.61,67.38 3 0
biometrics-cli/pkg/mcp/registry.go:67.38,68.45 1 0
biometrics-cli/pkg/mcp/registry.go:68.45,70.4 1 0
biometrics-cli/pkg/mcp/registry.go:73.2,73.12 1 0
biometrics-cli/pkg/mcp/registry.go:76.64,80.38 3 0
biometrics-cli/pkg/mcp/registry.go:80.38,81.48 1 0
biometrics-cli/pkg/mcp/registry.go:81.48,83.4 1 0
biometrics-cli/pkg/mcp/registry.go:86.2,86.12 1 0
biometrics-cli/pkg/mcp/registry.go:89.81,95.38 4 0
biometrics-cli/pkg/mcp/registry.go:95.38,97.17 2 0
biometrics-cli/pkg/mcp/registry.go:97.17,105.4 1 0
biometrics-cli/pkg/mcp/registry.go:105.9,107.4 1 0
biometrics-cli/pkg/mcp/registry.go:110.2,110.16 1 0
biometrics-cli/pkg/mcp/registry.go:113.46,118.30 4 0
biometrics-cli/pkg/mcp/registry.go:118.30,120.3 1 0
biometrics-cli/pkg/mcp/registry.go:122.2,122.14 1 0
biometrics-cli/pkg/mcp/registry.go:125.46,130.35 4 0
biometrics-cli/pkg/mcp/registry.go:130.35,131.27 1 0
biometrics-cli/pkg/mcp/registry.go:131.27,133.4 1 0
biometrics-cli/pkg/mcp/registry.go:136.2,136.14 1 0
biometrics-cli/pkg/mcp/serena.go:16.55,22.2 1 0
biometrics-cli/pkg/mcp/serena.go:24.38,26.2 1 0
biometrics-cli/pkg/mcp/serena.go:28.59,29.17 1 0
biometrics-cli/pkg/mcp/serena.go:29.17,31.3 1 0
biometrics-cli/pkg/mcp/serena.go:33.2,34.12 2 0
biometrics-cli/pkg/mcp/serena.go:37.62,38.18 1 0
biometrics-cli/pkg/mcp/serena.go:38.18,40.3 1 0
biometrics-cli/pkg/mcp/serena.go:42.2,43.12 2 0
biometrics-cli/pkg/mcp/serena.go:46.75,56.18 3 0
biometrics-cli/pkg/mcp/serena.go:56.18,59.3 2 0
biometrics-cli/pkg/mcp/serena.go:61.2,62.20 2 0
biometrics-cli/pkg/mcp/serena.go:65.43,67.2 1 0
biometrics-cli/pkg/mcp/serena.go:69.91,70.18 1 0
biometrics-cli/pkg/mcp/serena.go:70.18,75.3 1 0
biometrics-cli/pkg/mcp/serena.go:77.2,84.8 1 0
biometrics-cli/pkg/mcp/tavily.go:15.55,17.31 2 0
biometrics-cli/pkg/mcp/tavily.go:17.31,19.3 1 0
biometrics-cli/pkg/mcp/tavily.go:21.2,25.3 1 0
biometrics-cli/pkg/mcp/tavily.go:28.38,30.2 1 0
biometrics-cli/pkg/mcp/tavily.go:32.59,33.17 1 0
biometrics-cli/pkg/mcp/tavily.go:33.17,35.3 1 0
biometrics-cli/pkg/mcp/tavily.go:37.2,37.20 1 0
biometrics-cli/pkg/mcp/tavily.go:37.20,39.3 1 0
biometrics-cli/pkg/mcp/tavily.go:41.2,42.12 2 0
biometrics-cli/pkg/mcp/tavily.go:45.62,46.18 1 0
biometrics-cli/pkg/mcp/tavily.go:46.18,48.3 1 0
biometrics-cli/pkg/mcp/tavily.go:50.2,51.12 2 0
biometrics-cli/pkg/mcp/tavily.go:54.75,64.18 3 0
biometrics-cli/pkg/mcp/tavily.go:64.18,67.3 2 0
biometrics-cli/pkg/mcp/tavily.go:69.2,69.20 1 0
biometrics-cli/pkg/mcp/tavily.go:72.43,74.2 1 0
biometrics-cli/pkg/mcp/tavily.go:76.98,77.18 1 0
biometrics-cli/pkg/mcp/tavily.go:77.18,82.3 1 0
biometrics-cli/pkg/mcp/tavily.go:84.2,84.17 1 0
biometrics-cli/pkg/mcp/tavily.go:84.17,89.3 1 0
biometrics-cli/pkg/mcp/tavily.go:91.2,98.8 1 0
biometrics-cli/pkg/mcp/tavily.go:101.103,102.18 1 0
biometrics-cli/pkg/mcp/tavily.go:102.18,107.3 1 0
biometrics-cli/pkg/mcp/tavily.go:109.2,115.8 1 0
biometrics-cli/pkg/workflows/engine.go:122.84,139.2 7 0
biometrics-cli/pkg/workflows/engine.go:142.66,146.2 3 0
biometrics-cli/pkg/workflows/engine.go:149.71,151.56 2 0
biometrics-cli/pkg/workflows/engine.go:151.56,153.3 1 0
biometrics-cli/pkg/workflows/engine.go:155.2,159.23 4 0
biometrics-cli/pkg/workflows/engine.go:163.69,168.2 4 0
biometrics-cli/pkg/workflows/engine.go:171.123,173.9 2 0
biometrics-cli/pkg/workflows/engine.go:173.9,175.3 1 0
biometrics-cli/pkg/workflows/engine.go:177.2,187.32 3 0
biometrics-cli/pkg/workflows/engine.go:187.32,188.60 1 0
biometrics-cli/pkg/workflows/engine.go:188.60,189.28 1 0
biometrics-cli/pkg/workflows/engine.go:189.28,191.13 2 0
biometrics-cli/pkg/workflows/engine.go:193.4,193.62 1 0
biometrics-cli/pkg/workflows/engine.go:197.2,197.29 1 0
biometrics-cli/pkg/workflows/engine.go:201.70,204.36 2 0
biometrics-cli/pkg/workflows/engine.go:204.36,205.27 1 0
biometrics-cli/pkg/workflows/engine.go:205.27,207.4 1 0
biometrics-cli/pkg/workflows/engine.go:210.2,210.27 1 0
biometrics-cli/pkg/workflows/engine.go:210.27,212.3 1 0
biometrics-cli/pkg/workflows/engine.go:214.2,214.15 1 0
biometrics-cli/pkg/workflows/engine.go:218.104,219.9 1 0
biometrics-cli/pkg/workflows/engine.go:220.34,221.16 1 0
biometrics-cli/pkg/workflows/engine.go:221.16,221.34 1 0
biometrics-cli/pkg/workflows/engine.go:222.20,223.19 1 0
biometrics-cli/pkg/workflows/engine.go:226.2,226.69 1 0
biometrics-cli/pkg/workflows/engine.go:226.69,228.3 1 0
biometrics-cli/pkg/workflows/engine.go:230.2,234.9 4 0
biometrics-cli/pkg/workflows/engine.go:234.9,236.3 1 0
biometrics-cli/pkg/workflows/engine.go:238.2,244.16 5 0
biometrics-cli/pkg/workflows/engine.go:244.16,246.3 1 0
biometrics-cli/pkg/workflows/engine.go:248.2,250.28 2 0
biometrics-cli/pkg/workflows/engine.go:250.28,252.3 1 0
biometrics-cli/pkg/workflows/engine.go:254.2,254.12 1 0
biometrics-cli/pkg/workflows/engine.go:258.97,259.32 1 0
biometrics-cli/pkg/workflows/engine.go:259.32,260.43 1 0
biometrics-cli/pkg/workflows/engine.go:260.43,262.4 1 0
biometrics-cli/pkg/workflows/engine.go:264.2,264.12 1 0
biometrics-cli/pkg/workflows/engine.go:268.98,271.35 2 0
biometrics-cli/pkg/workflows/engine.go:271.35,273.3 1 0
biometrics-cli/pkg/workflows/engine.go:275.2,275.37 1 0
biometrics-cli/pkg/workflows/engine.go:275.37,276.48 1 0
biometrics-cli/pkg/workflows/engine.go:276.48,277.30 1 0
biometrics-cli/pkg/workflows/engine.go:277.30,279.5 1 0
biometrics-cli/pkg/workflows/engine.go:283.2,283.15 1 0
biometrics-cli/pkg/workflows/engine.go:296.51,301.32 4 0
biometrics-cli/pkg/workflows/engine.go:301.32,303.3 1 0
biometrics-cli/pkg/workflows/engine.go:304.2,304.14 1 0
biometrics-cli/pkg/workflows/executors.go:13.39,15.2 1 0
biometrics-cli/pkg/workflows/executors.go:17.113,26.2 2 0
biometrics-cli/pkg/workflows/executors.go:31.43,33.2 1 0
biometrics-cli/pkg/workflows/executors.go:35.117,36.27 1 0
biometrics-cli/pkg/workflows/executors.go:36.27,38.3 1 0
biometrics-cli/pkg/workflows/executors.go:40.2,45.20 2 0
biometrics-cli/pkg/workflows/executors.go:53.42,55.2 1 0
biometrics-cli/pkg/workflows/executors.go:57.116,58.26 1 0
biometrics-cli/pkg/workflows/executors.go:58.26,60.3 1 0
biometrics-cli/pkg/workflows/executors.go:62.2,67.20 2 0
biometrics-cli/pkg/workflows/executors.go:75.38,77.2 1 0
biometrics-cli/pkg/workflows/executors.go:79.112,80.22 1 0
biometrics-cli/pkg/workflows/executors.go:80.22,82.3 1 0
biometrics-cli/pkg/workflows/executors.go:84.2,89.20 2 0
biometrics-cli/pkg/workflows/executors.go:95.43,97.2 1 0
biometrics-cli/pkg/workflows/executors.go:99.117,100.27 1 0
biometrics-cli/pkg/workflows/executors.go:100.27,102.3 1 0
biometrics-cli/pkg/workflows/executors.go:104.2,110.20 2 0
biometrics-cli/pkg/workflows/registry.go:18.61,23.2 1 0
biometrics-cli/pkg/workflows/registry.go:26.50,28.16 2 0
biometrics-cli/pkg/workflows/registry.go:28.16,30.3 1 0
biometrics-cli/pkg/workflows/registry.go:32.2,32.32 1 0
biometrics-cli/pkg/workflows/registry.go:32.32,33.21 1 0
biometrics-cli/pkg/workflows/registry.go:33.21,34.12 1 0
biometrics-cli/pkg/workflows/registry.go:37.3,39.17 3 0
biometrics-cli/pkg/workflows/registry.go:39.17,40.12 1 0
biometrics-cli/pkg/workflows/registry.go:43.3,44.17 2 0
biometrics-cli/pkg/workflows/registry.go:44.17,45.12 1 0
biometrics-cli/pkg/workflows/registry.go:48.3,48.40 1 0
biometrics-cli/pkg/workflows/registry.go:51.2,51.12 1 0
biometrics-cli/pkg/workflows/registry.go:55.71,58.2 2 0
biometrics-cli/pkg/workflows/registry.go:61.53,63.32 2 0
biometrics-cli/pkg/workflows/registry.go:63.32,65.3 1 0
biometrics-cli/pkg/workflows/registry.go:66.2,66.14 1 0
biometrics-cli/pkg/workflows/registry.go:70.60,72.2 1 0
biometrics-cli/pkg/workflows/registry.go:75.51,78.16 3 0
biometrics-cli/pkg/workflows/registry.go:78.16,80.3 1 0
biometrics-cli/pkg/workflows/registry.go:81.2,81.23 1 0
biometrics-cli/pkg/validation/middleware.go:36.50,47.2 1 17
biometrics-cli/pkg/validation/middleware.go:50.58,51.19 1 14
biometrics-cli/pkg/validation/middleware.go:51.19,53.3 1 12
biometrics-cli/pkg/validation/middleware.go:55.2,67.48 2 14
biometrics-cli/pkg/validation/middleware.go:67.48,69.3 1 0
biometrics-cli/pkg/validation/middleware.go:71.2,71.10 1 14
biometrics-cli/pkg/validation/middleware.go:81.63,83.2 1 3
biometrics-cli/pkg/validation/middleware.go:86.49,89.2 2 3
biometrics-cli/pkg/validation/middleware.go:95.78,96.54 1 2
biometrics-cli/pkg/validation/middleware.go:96.54,98.60 1 2
biometrics-cli/pkg/validation/middleware.go:98.60,99.43 1 3
biometrics-cli/pkg/validation/middleware.go:99.43,102.5 2 2
biometrics-cli/pkg/validation/middleware.go:106.3,106.69 1 0
biometrics-cli/pkg/validation/middleware.go:106.69,110.59 2 0
biometrics-cli/pkg/validation/middleware.go:110.59,113.5 2 0
biometrics-cli/pkg/validation/middleware.go:117.3,117.38 1 0
biometrics-cli/pkg/validation/middleware.go:117.38,120.4 2 0
biometrics-cli/pkg/validation/middleware.go:122.3,122.13 1 0
biometrics-cli/pkg/validation/middleware.go:127.74,128.54 1 1
biometrics-cli/pkg/validation/middleware.go:128.54,129.21 1 2
biometrics-cli/pkg/validation/middleware.go:129.21,132.4 2 0
biometrics-cli/pkg/validation/middleware.go:135.3,135.71 1 2
biometrics-cli/pkg/validation/middleware.go:135.71,138.4 2 1
biometrics-cli/pkg/validation/middleware.go:141.3,142.18 2 1
biometrics-cli/pkg/validation/middleware.go:142.18,144.4 1 1
biometrics-cli/pkg/validation/middleware.go:146.3,146.18 1 1
biometrics-cli/pkg/validation/middleware.go:146.18,149.4 2 1
biometrics-cli/pkg/validation/middleware.go:152.3,153.17 2 0
biometrics-cli/pkg/validation/middleware.go:153.17,156.4 2 0
biometrics-cli/pkg/validation/middleware.go:159.3,159.76 1 0
biometrics-cli/pkg/validation/middleware.go:159.76,162.4 2 0
biometrics-cli/pkg/validation/middleware.go:164.3,164.13 1 0
biometrics-cli/pkg/validation/middleware.go:169.77,170.54 1 1
biometrics-cli/pkg/validation/middleware.go:170.54,175.33 3 1
biometrics-cli/pkg/validation/middleware.go:175.33,178.4 1 0
biometrics-cli/pkg/validation/middleware.go:178.9,179.39 1 1
biometrics-cli/pkg/validation/middleware.go:179.39,180.32 1 1
biometrics-cli/pkg/validation/middleware.go:180.32,182.11 2 1
biometrics-cli/pkg/validation/middleware.go:187.3,187.14 1 1
biometrics-cli/pkg/validation/middleware.go:187.14,189.20 2 1
biometrics-cli/pkg/validation/middleware.go:189.20,191.5 1 0
biometrics-cli/pkg/validation/middleware.go:194.3,200.28 5 1
biometrics-cli/pkg/validation/middleware.go:200.28,203.4 2 0
biometrics-cli/pkg/validation/middleware.go:205.3,205.13 1 1
biometrics-cli/pkg/validation/middleware.go:210.78,211.54 1 2
biometrics-cli/pkg/validation/middleware.go:211.54,231.19 7 2
biometrics-cli/pkg/validation/middleware.go:231.19,233.4 1 0
biometrics-cli/pkg/validation/middleware.go:235.3,235.13 1 2
biometrics-cli/pkg/validation/middleware.go:240.82,241.54 1 0
biometrics-cli/pkg/validation/middleware.go:241.54,245.3 1 0
biometrics-cli/pkg/validation/middleware.go:249.77,250.54 1 0
biometrics-cli/pkg/validation/middleware.go:250.54,253.23 2 0
biometrics-cli/pkg/validation/middleware.go:253.23,256.4 2 0
biometrics-cli/pkg/validation/middleware.go:259.3,259.48 1 0
biometrics-cli/pkg/validation/middleware.go:259.48,262.4 2 0
biometrics-cli/pkg/validation/middleware.go:265.3,266.18 2 0
biometrics-cli/pkg/validation/middleware.go:266.18,269.4 2 0
biometrics-cli/pkg/validation/middleware.go:272.3,273.30 2 0
biometrics-cli/pkg/validation/middleware.go:278.105,279.54 1 1
biometrics-cli/pkg/validation/middleware.go:279.54,280.55 1 1
biometrics-cli/pkg/validation/middleware.go:280.55,281.21 1 1
biometrics-cli/pkg/validation/middleware.go:281.21,284.5 2 0
biometrics-cli/pkg/validation/middleware.go:287.4,290.48 4 1
biometrics-cli/pkg/validation/middleware.go:290.48,293.5 2 0
biometrics-cli/pkg/validation/middleware.go:296.4,297.33 2 1
biometrics-cli/pkg/validation/middleware.go:297.33,300.16 2 2
biometrics-cli/pkg/validation/middleware.go:300.16,302.14 1 0
biometrics-cli/pkg/validation/middleware.go:306.5,307.12 2 2
biometrics-cli/pkg/validation/middleware.go:307.12,309.14 2 0
biometrics-cli/pkg/validation/middleware.go:313.5,317.22 3 2
biometrics-cli/pkg/validation/middleware.go:317.22,320.6 2 0
biometrics-cli/pkg/validation/middleware.go:322.5,322.35 1 2
biometrics-cli/pkg/validation/middleware.go:326.4,327.31 2 1
biometrics-cli/pkg/validation/middleware.go:333.63,335.9 2 0
biometrics-cli/pkg/validation/middleware.go:335.9,337.3 1 0
biometrics-cli/pkg/validation/middleware.go:338.2,338.13 1 0
biometrics-cli/pkg/validation/middleware.go:342.43,344.9 2 1
biometrics-cli/pkg/validation/middleware.go:344.9,346.3 1 1
biometrics-cli/pkg/validation/middleware.go:347.2,347.14 1 0
biometrics-cli/pkg/validation/middleware.go:351.65,353.16 2 2
biometrics-cli/pkg/validation/middleware.go:353.16,355.3 1 0
biometrics-cli/pkg/validation/middleware.go:357.2,367.20 2 2
biometrics-cli/pkg/validation/middleware.go:371.65,373.16 2 1
biometrics-cli/pkg/validation/middleware.go:373.16,375.3 1 0
biometrics-cli/pkg/validation/middleware.go:376.2,377.12 2 1
biometrics-cli/pkg/validation/middleware.go:381.75,389.2 3 2
biometrics-cli/pkg/validation/middleware.go:392.63,399.2 3 1
biometrics-cli/pkg/validation/middleware.go:402.121,403.45 1 1
biometrics-cli/pkg/validation/middleware.go:403.45,405.3 1 2
biometrics-cli/pkg/validation/middleware.go:406.2,406.16 1 1
biometrics-cli/pkg/validation/middleware.go:410.80,411.54 1 2
biometrics-cli/pkg/validation/middleware.go:411.54,417.3 3 2
biometrics-cli/pkg/validation/middleware.go:421.80,422.54 1 1
biometrics-cli/pkg/validation/middleware.go:422.54,423.16 1 1
biometrics-cli/pkg/validation/middleware.go:423.16,424.36 1 1
biometrics-cli/pkg/validation/middleware.go:424.36,426.5 1 1
biometrics-cli/pkg/validation/middleware.go:428.3,428.13 1 1
biometrics-cli/pkg/validation/middleware.go:433.82,434.54 1 1
biometrics-cli/pkg/validation/middleware.go:434.54,436.22 2 1
biometrics-cli/pkg/validation/middleware.go:436.22,438.18 2 1
biometrics-cli/pkg/validation/middleware.go:438.18,441.5 2 1
biometrics-cli/pkg/validation/middleware.go:444.3,445.30 2 1
biometrics-cli/pkg/validation/middleware.go:450.43,452.9 2 1
biometrics-cli/pkg/validation/middleware.go:452.9,454.3 1 0
biometrics-cli/pkg/validation/middleware.go:455.2,455.11 1 1
biometrics-cli/pkg/validation/sanitization.go:57.46,68.2 1 30
biometrics-cli/pkg/validation/sanitization.go:71.32,73.2 1 20
biometrics-cli/pkg/validation/sanitization.go:76.64,89.45 2 21
biometrics-cli/pkg/validation/sanitization.go:89.45,91.3 1 0
biometrics-cli/pkg/validation/sanitization.go:93.2,93.10 1 21
biometrics-cli/pkg/validation/sanitization.go:97.57,99.2 1 7
biometrics-cli/pkg/validation/sanitization.go:102.91,103.17 1 8
biometrics-cli/pkg/validation/sanitization.go:103.17,105.3 1 0
biometrics-cli/pkg/validation/sanitization.go:107.2,110.31 2 8
biometrics-cli/pkg/validation/sanitization.go:110.31,112.3 1 8
biometrics-cli/pkg/validation/sanitization.go:115.2,115.25 1 8
biometrics-cli/pkg/validation/sanitization.go:115.25,117.3 1 8
biometrics-cli/pkg/validation/sanitization.go:120.2,120.22 1 8
biometrics-cli/pkg/validation/sanitization.go:120.22,121.38 1 7
biometrics-cli/pkg/validation/sanitization.go:121.38,123.4 1 0
biometrics-cli/pkg/validation/sanitization.go:123.9,125.4 1 7
biometrics-cli/pkg/validation/sanitization.go:129.2,129.32 1 8
biometrics-cli/pkg/validation/sanitization.go:129.32,131.3 1 8
biometrics-cli/pkg/validation/sanitization.go:134.2,136.15 2 8
biometrics-cli/pkg/validation/sanitization.go:140.55,151.2 4 3
biometrics-cli/pkg/validation/sanitization.go:154.66,156.16 2 5
biometrics-cli/pkg/validation/sanitization.go:156.16,158.3 1 0
biometrics-cli/pkg/validation/sanitization.go:161.2,161.63 1 5
biometrics-cli/pkg/validation/sanitization.go:161.63,163.3 1 3
biometrics-cli/pkg/validation/sanitization.go:166.2,169.30 2 5
biometrics-cli/pkg/validation/sanitization.go:169.30,173.34 3 0
biometrics-cli/pkg/validation/sanitization.go:173.34,176.26 2 0
biometrics-cli/pkg/validation/sanitization.go:176.26,177.13 1 0
biometrics-cli/pkg/validation/sanitization.go:181.4,181.33 1 0
biometrics-cli/pkg/validation/sanitization.go:181.33,183.29 2 0
biometrics-cli/pkg/validation/sanitization.go:183.29,185.6 1 0
biometrics-cli/pkg/validation/sanitization.go:189.3,189.47 1 0
biometrics-cli/pkg/validation/sanitization.go:192.2,192.32 1 5
biometrics-cli/pkg/validation/sanitization.go:196.63,207.2 4 3
biometrics-cli/pkg/validation/sanitization.go:210.62,216.36 3 0
biometrics-cli/pkg/validation/sanitization.go:216.36,218.3 1 0
biometrics-cli/pkg/validation/sanitization.go:221.2,224.25 2 0
biometrics-cli/pkg/validation/sanitization.go:224.25,228.3 3 0
biometrics-cli/pkg/validation/sanitization.go:230.2,230.17 1 0
biometrics-cli/pkg/validation/sanitization.go:234.54,245.2 4 0
biometrics-cli/pkg/validation/sanitization.go:248.56,260.21 5 0
biometrics-cli/pkg/validation/sanitization.go:260.21,262.3 1 0
biometrics-cli/pkg/validation/sanitization.go:265.2,270.41 3 0
biometrics-cli/pkg/validation/sanitization.go:270.41,272.3 1 0
biometrics-cli/pkg/validation/sanitization.go:274.2,274.37 1 0
biometrics-cli/pkg/validation/sanitization.go:278.62,292.24 5 0
biometrics-cli/pkg/validation/sanitization.go:292.24,294.3 1 0
biometrics-cli/pkg/validation/sanitization.go:296.2,296.17 1 0
biometrics-cli/pkg/validation/sanitization.go:300.62,304.2 2 0
biometrics-cli/pkg/validation/sanitization.go:307.55,315.2 3 0
biometrics-cli/pkg/validation/sanitization.go:318.68,326.2 3 0
biometrics-cli/pkg/validation/sanitization.go:329.57,334.19 2 0
biometrics-cli/pkg/validation/sanitization.go:334.19,336.3 1 0
biometrics-cli/pkg/validation/sanitization.go:339.2,341.30 2 0
biometrics-cli/pkg/validation/sanitization.go:345.59,354.24 4 0
biometrics-cli/pkg/validation/sanitization.go:354.24,356.3 1 0
biometrics-cli/pkg/validation/sanitization.go:358.2,358.33 1 0
biometrics-cli/pkg/validation/sanitization.go:362.61,371.23 4 0
biometrics-cli/pkg/validation/sanitization.go:371.23,373.3 1 0
biometrics-cli/pkg/validation/sanitization.go:375.2,375.33 1 0
biometrics-cli/pkg/validation/sanitization.go:379.55,381.2 1 11
biometrics-cli/pkg/validation/sanitization.go:384.55,386.2 1 7
biometrics-cli/pkg/validation/sanitization.go:389.61,396.36 3 3
biometrics-cli/pkg/validation/sanitization.go:396.36,403.3 4 36
biometrics-cli/pkg/validation/sanitization.go:405.2,405.15 1 3
biometrics-cli/pkg/validation/sanitization.go:409.87,412.34 2 0
biometrics-cli/pkg/validation/sanitization.go:412.34,414.3 1 0
biometrics-cli/pkg/validation/sanitization.go:417.2,418.77 2 0
biometrics-cli/pkg/validation/sanitization.go:418.77,420.23 2 0
biometrics-cli/pkg/validation/sanitization.go:420.23,422.4 1 0
biometrics-cli/pkg/validation/sanitization.go:424.3,425.25 2 0
biometrics-cli/pkg/validation/sanitization.go:425.25,427.4 1 0
biometrics-cli/pkg/validation/sanitization.go:428.3,428.12 1 0
biometrics-cli/pkg/validation/sanitization.go:431.2,431.15 1 0
biometrics-cli/pkg/validation/sanitization.go:435.66,437.2 1 8
biometrics-cli/pkg/validation/sanitization.go:440.62,442.2 1 8
biometrics-cli/pkg/validation/sanitization.go:445.68,449.16 4 0
biometrics-cli/pkg/validation/sanitization.go:449.16,451.3 1 0
biometrics-cli/pkg/validation/sanitization.go:452.2,452.28 1 0
biometrics-cli/pkg/validation/sanitization.go:456.85,462.45 3 0
biometrics-cli/pkg/validation/sanitization.go:462.45,464.3 1 0
biometrics-cli/pkg/validation/sanitization.go:466.2,466.23 1 0
biometrics-cli/pkg/validation/sanitization.go:470.61,472.31 2 0
biometrics-cli/pkg/validation/sanitization.go:472.31,474.3 1 0
biometrics-cli/pkg/validation/sanitization.go:475.2,475.16 1 0
biometrics-cli/pkg/validation/sanitization.go:479.76,481.32 2 0
biometrics-cli/pkg/validation/sanitization.go:481.32,484.25 3 0
biometrics-cli/pkg/validation/sanitization.go:484.25,486.4 1 0
biometrics-cli/pkg/validation/sanitization.go:488.2,488.15 1 0
biometrics-cli/pkg/validation/sanitization.go:492.60,494.30 2 0
biometrics-cli/pkg/validation/sanitization.go:494.30,496.3 1 0
biometrics-cli/pkg/validation/sanitization.go:497.2,497.15 1 0
biometrics-cli/pkg/validation/sanitization.go:501.53,503.2 1 0
biometrics-cli/pkg/validation/sanitization.go:506.55,508.2 1 0
biometrics-cli/pkg/validation/sanitization.go:511.59,520.2 5 0
biometrics-cli/pkg/validation/sanitization.go:523.59,534.2 4 0
biometrics-cli/pkg/validation/sanitization.go:537.59,542.33 1 0
biometrics-cli/pkg/validation/sanitization.go:542.33,544.3 1 0
biometrics-cli/pkg/validation/sanitization.go:547.2,550.41 2 0
biometrics-cli/pkg/validation/sanitization.go:550.41,552.3 1 0
biometrics-cli/pkg/validation/sanitization.go:554.2,554.14 1 0
biometrics-cli/pkg/validation/sanitization.go:558.54,569.2 4 0
biometrics-cli/pkg/validation/sanitization.go:572.57,578.39 3 0
biometrics-cli/pkg/validation/sanitization.go:578.39,580.22 2 0
biometrics-cli/pkg/validation/sanitization.go:580.22,582.4 1 0
biometrics-cli/pkg/validation/sanitization.go:585.2,585.14 1 0
biometrics-cli/pkg/validation/sanitization.go:589.62,597.21 3 0
biometrics-cli/pkg/validation/sanitization.go:597.21,599.3 1 0
biometrics-cli/pkg/validation/sanitization.go:601.2,601.14 1 0
biometrics-cli/pkg/validation/sanitization.go:605.60,610.19 2 0
biometrics-cli/pkg/validation/sanitization.go:610.19,612.3 1 0
biometrics-cli/pkg/validation/sanitization.go:614.2,614.13 1 0
biometrics-cli/pkg/validation/sanitization.go:618.57,623.80 2 0
biometrics-cli/pkg/validation/sanitization.go:623.80,625.3 1 0
biometrics-cli/pkg/validation/sanitization.go:628.2,628.58 1 0
biometrics-cli/pkg/validation/sanitization.go:628.58,630.3 1 0
biometrics-cli/pkg/validation/sanitization.go:632.2,632.11 1 0
biometrics-cli/pkg/validation/sanitization.go:636.58,650.124 5 0
biometrics-cli/pkg/validation/sanitization.go:650.124,652.3 1 0
biometrics-cli/pkg/validation/sanitization.go:654.2,654.15 1 0
biometrics-cli/pkg/validation/sanitization.go:658.63,660.30 2 0
biometrics-cli/pkg/validation/sanitization.go:660.30,661.12 1 0
biometrics-cli/pkg/validation/sanitization.go:661.12,663.4 1 0
biometrics-cli/pkg/validation/sanitization.go:664.3,664.45 1 0
biometrics-cli/pkg/validation/sanitization.go:666.2,666.21 1 0
biometrics-cli/pkg/validation/sanitization.go:670.60,674.29 3 0
biometrics-cli/pkg/validation/sanitization.go:674.29,676.3 1 0
biometrics-cli/pkg/validation/sanitization.go:678.2,678.38 1 0
biometrics-cli/pkg/validation/validation.go:71.32,83.2 5 34
biometrics-cli/pkg/validation/validation.go:86.39,111.2 1 34
biometrics-cli/pkg/validation/validation.go:114.39,144.2 1 34
biometrics-cli/pkg/validation/validation.go:147.50,160.2 6 34
biometrics-cli/pkg/validation/validation.go:163.65,167.2 3 0
biometrics-cli/pkg/validation/validation.go:170.63,174.2 3 0
biometrics-cli/pkg/validation/validation.go:177.64,182.2 3 0
biometrics-cli/pkg/validation/validation.go:185.74,188.2 2 0
biometrics-cli/pkg/validation/validation.go:191.65,194.2 2 0
biometrics-cli/pkg/validation/validation.go:197.70,200.2 2 0
biometrics-cli/pkg/validation/validation.go:203.84,211.35 2 6
biometrics-cli/pkg/validation/validation.go:211.35,219.3 3 0
biometrics-cli/pkg/validation/validation.go:222.2,222.35 1 6
biometrics-cli/pkg/validation/validation.go:222.35,229.3 2 0
biometrics-cli/pkg/validation/validation.go:232.2,232.26 1 6
biometrics-cli/pkg/validation/validation.go:232.26,239.3 2 1
biometrics-cli/pkg/validation/validation.go:242.2,242.29 1 6
biometrics-cli/pkg/validation/validation.go:242.29,243.48 1 2
biometrics-cli/pkg/validation/validation.go:243.48,244.36 1 0
biometrics-cli/pkg/validation/validation.go:244.36,251.5 2 0
biometrics-cli/pkg/validation/validation.go:255.2,255.15 1 6
biometrics-cli/pkg/validation/validation.go:259.55,260.36 1 7
biometrics-cli/pkg/validation/validation.go:260.36,262.3 1 1
biometrics-cli/pkg/validation/validation.go:264.2,265.16 2 6
biometrics-cli/pkg/validation/validation.go:265.16,267.3 1 3
biometrics-cli/pkg/validation/validation.go:270.2,271.21 2 3
biometrics-cli/pkg/validation/validation.go:271.21,273.3 1 0
biometrics-cli/pkg/validation/validation.go:276.2,277.26 2 3
biometrics-cli/pkg/validation/validation.go:277.26,279.3 1 0
biometrics-cli/pkg/validation/validation.go:281.2,281.12 1 3
biometrics-cli/pkg/validation/validation.go:285.54,286.37 1 5
biometrics-cli/pkg/validation/validation.go:286.37,288.3 1 1
biometrics-cli/pkg/validation/validation.go:290.2,291.16 2 4
biometrics-cli/pkg/validation/validation.go:291.16,293.3 1 0
biometrics-cli/pkg/validation/validation.go:296.2,296.63 1 4
biometrics-cli/pkg/validation/validation.go:296.63,298.3 1 2
biometrics-cli/pkg/validation/validation.go:301.2,301.36 1 2
biometrics-cli/pkg/validation/validation.go:301.36,303.3 1 0
biometrics-cli/pkg/validation/validation.go:305.2,305.12 1 2
biometrics-cli/pkg/validation/validation.go:309.53,310.35 1 4
biometrics-cli/pkg/validation/validation.go:310.35,312.3 1 1
biometrics-cli/pkg/validation/validation.go:314.2,315.36 2 3
biometrics-cli/pkg/validation/validation.go:315.36,317.3 1 1
biometrics-cli/pkg/validation/validation.go:319.2,319.12 1 2
biometrics-cli/pkg/validation/validation.go:323.61,325.40 2 14
biometrics-cli/pkg/validation/validation.go:325.40,326.35 1 185
biometrics-cli/pkg/validation/validation.go:326.35,328.4 1 2
biometrics-cli/pkg/validation/validation.go:330.2,330.14 1 12
biometrics-cli/pkg/validation/validation.go:334.52,336.40 2 11
biometrics-cli/pkg/validation/validation.go:336.40,337.35 1 139
biometrics-cli/pkg/validation/validation.go:337.35,339.4 1 4
biometrics-cli/pkg/validation/validation.go:341.2,341.14 1 7
biometrics-cli/pkg/validation/validation.go:345.54,349.34 2 28
biometrics-cli/pkg/validation/validation.go:349.34,350.55 1 1
biometrics-cli/pkg/validation/validation.go:350.55,352.4 1 1
biometrics-cli/pkg/validation/validation.go:356.2,364.71 7 28
biometrics-cli/pkg/validation/validation.go:364.71,365.80 1 0
biometrics-cli/pkg/validation/validation.go:365.80,367.4 1 0
biometrics-cli/pkg/validation/validation.go:370.2,370.16 1 28
biometrics-cli/pkg/validation/validation.go:374.49,375.22 1 5
biometrics-cli/pkg/validation/validation.go:375.22,379.40 1 43
biometrics-cli/pkg/validation/validation.go:379.40,381.4 1 2
biometrics-cli/pkg/validation/validation.go:383.2,383.13 1 3
biometrics-cli/pkg/validation/validation.go:387.72,389.2 1 0
biometrics-cli/pkg/validation/validation.go:392.57,394.2 1 0
biometrics-cli/pkg/validation/validation.go:397.56,405.40 3 3
biometrics-cli/pkg/validation/validation.go:405.40,406.53 1 26
biometrics-cli/pkg/validation/validation.go:406.53,408.4 1 0
biometrics-cli/pkg/validation/validation.go:409.3,409.11 1 26
biometrics-cli/pkg/validation/validation.go:412.2,412.14 1 3
biometrics-cli/pkg/validation/validation.go:416.57,419.59 2 5
biometrics-cli/pkg/validation/validation.go:419.59,421.3 1 0
biometrics-cli/pkg/validation/validation.go:422.2,422.39 1 5
biometrics-cli/pkg/validation/validation.go:426.69,427.35 1 3
biometrics-cli/pkg/validation/validation.go:427.35,429.3 1 1
biometrics-cli/pkg/validation/validation.go:432.2,432.41 1 2
biometrics-cli/pkg/validation/validation.go:432.41,434.3 1 1
biometrics-cli/pkg/validation/validation.go:436.2,436.12 1 1
biometrics-cli/pkg/validation/validation.go:440.58,441.36 1 3
biometrics-cli/pkg/validation/validation.go:441.36,443.3 1 2
biometrics-cli/pkg/validation/validation.go:444.2,444.12 1 1
biometrics-cli/pkg/validation/validation.go:448.70,450.18 2 3
biometrics-cli/pkg/validation/validation.go:450.18,452.3 1 1
biometrics-cli/pkg/validation/validation.go:453.2,453.18 1 2
biometrics-cli/pkg/validation/validation.go:453.18,455.3 1 1
biometrics-cli/pkg/validation/validation.go:456.2,456.12 1 1
biometrics-cli/pkg/validation/validation.go:460.81,461.33 1 3
biometrics-cli/pkg/validation/validation.go:461.33,463.3 1 2
biometrics-cli/pkg/validation/validation.go:464.2,464.12 1 1
biometrics-cli/pkg/validation/validation.go:468.62,469.26 1 5
biometrics-cli/pkg/validation/validation.go:469.26,470.50 1 31
biometrics-cli/pkg/validation/validation.go:470.50,472.4 1 2
biometrics-cli/pkg/validation/validation.go:474.2,474.12 1 3
biometrics-cli/pkg/validation/validation.go:478.57,479.26 1 3
biometrics-cli/pkg/validation/validation.go:479.26,480.26 1 11
biometrics-cli/pkg/validation/validation.go:480.26,482.4 1 2
biometrics-cli/pkg/validation/validation.go:484.2,484.12 1 1
biometrics-cli/pkg/validation/validation.go:488.70,491.54 2 1
biometrics-cli/pkg/validation/validation.go:491.54,492.26 1 1
biometrics-cli/pkg/validation/validation.go:492.26,498.4 1 1
biometrics-cli/pkg/validation/validation.go:501.2,501.25 1 1
biometrics-cli/pkg/validation/validation.go:505.68,506.17 1 1
biometrics-cli/pkg/validation/validation.go:507.18,508.50 1 1
biometrics-cli/pkg/validation/validation.go:509.15,510.60 1 0
biometrics-cli/pkg/validation/validation.go:511.13,512.58 1 0
biometrics-cli/pkg/validation/validation.go:513.13,514.69 1 0
biometrics-cli/pkg/validation/validation.go:515.13,516.68 1 0
biometrics-cli/pkg/validation/validation.go:517.13,518.79 1 0
biometrics-cli/pkg/validation/validation.go:519.15,520.68 1 0
biometrics-cli/pkg/validation/validation.go:521.10,522.69 1 0
biometrics-cli/pkg/validation/validation.go:527.48,529.2 1 1
biometrics-cli/pkg/validation/validation.go:532.45,534.2 1 1
biometrics-cli/cmd/biometrics/main.go:19.13,20.22 1 0
biometrics-cli/cmd/biometrics/main.go:20.22,23.3 2 0
biometrics-cli/cmd/biometrics/main.go:25.2,27.17 2 0
biometrics-cli/cmd/biometrics/main.go:28.14,29.12 1 0
biometrics-cli/cmd/biometrics/main.go:30.17,31.18 1 0
biometrics-cli/cmd/biometrics/main.go:32.14,33.17 1 0
biometrics-cli/cmd/biometrics/main.go:34.15,35.23 1 0
biometrics-cli/cmd/biometrics/main.go:36.19,37.16 1 0
biometrics-cli/cmd/biometrics/main.go:38.17,39.17 1 0
biometrics-cli/cmd/biometrics/main.go:40.10,43.13 3 0
biometrics-cli/cmd/biometrics/main.go:47.19,61.2 1 0
biometrics-cli/cmd/biometrics/main.go:63.21,65.28 2 0
biometrics-cli/cmd/biometrics/main.go:65.28,67.3 1 0
biometrics-cli/cmd/biometrics/main.go:69.2,69.88 1 0
biometrics-cli/cmd/biometrics/main.go:72.16,88.27 3 0
biometrics-cli/cmd/biometrics/main.go:88.27,89.48 1 0
biometrics-cli/cmd/biometrics/main.go:89.48,92.4 2 0
biometrics-cli/cmd/biometrics/main.go:93.3,93.45 1 0
biometrics-cli/cmd/biometrics/main.go:96.2,104.74 8 0
biometrics-cli/cmd/biometrics/main.go:107.22,115.27 6 0
biometrics-cli/cmd/biometrics/main.go:115.27,117.46 2 0
biometrics-cli/cmd/biometrics/main.go:117.46,119.4 1 0
biometrics-cli/cmd/biometrics/main.go:120.8,122.3 1 0
biometrics-cli/cmd/biometrics/main.go:124.2,129.46 5 0
biometrics-cli/cmd/biometrics/main.go:129.46,132.3 2 0
biometrics-cli/cmd/biometrics/main.go:132.8,137.22 4 0
biometrics-cli/cmd/biometrics/main.go:137.22,140.4 2 0
biometrics-cli/cmd/biometrics/main.go:143.2,147.42 4 0
biometrics-cli/cmd/biometrics/main.go:147.42,153.3 5 0
biometrics-cli/cmd/biometrics/main.go:155.2,159.46 4 0
biometrics-cli/cmd/biometrics/main.go:159.46,170.3 9 0
biometrics-cli/cmd/biometrics/main.go:172.2,192.20 18 0
biometrics-cli/cmd/biometrics/main.go:192.20,194.3 1 0
biometrics-cli/cmd/biometrics/main.go:196.2,206.18 11 0
biometrics-cli/cmd/biometrics/main.go:206.18,208.3 1 0
biometrics-cli/cmd/biometrics/main.go:209.2,232.38 20 0
biometrics-cli/cmd/biometrics/main.go:232.38,236.3 3 0
biometrics-cli/cmd/biometrics/main.go:236.8,239.3 2 0
biometrics-cli/cmd/biometrics/main.go:241.2,245.71 5 0
biometrics-cli/cmd/biometrics/main.go:248.21,255.27 5 0
biometrics-cli/cmd/biometrics/main.go:255.27,257.46 2 0
biometrics-cli/cmd/biometrics/main.go:257.46,259.4 1 0
biometrics-cli/cmd/biometrics/main.go:260.3,261.37 2 0
biometrics-cli/cmd/biometrics/main.go:262.8,265.3 2 0
biometrics-cli/cmd/biometrics/main.go:267.2,279.44 9 0
biometrics-cli/cmd/biometrics/main.go:282.27,302.31 6 0
biometrics-cli/cmd/biometrics/main.go:302.31,303.19 1 0
biometrics-cli/cmd/biometrics/main.go:303.19,305.4 1 0
biometrics-cli/cmd/biometrics/main.go:305.9,308.4 2 0
biometrics-cli/cmd/biometrics/main.go:311.2,312.15 2 0
biometrics-cli/cmd/biometrics/main.go:312.15,314.3 1 0
biometrics-cli/cmd/biometrics/main.go:314.8,316.3 1 0
biometrics-cli/cmd/biometrics/main.go:319.20,325.20 4 0
biometrics-cli/cmd/biometrics/main.go:325.20,328.3 2 0
biometrics-cli/cmd/biometrics/main.go:330.2,331.37 2 0
biometrics-cli/cmd/biometrics/main.go:331.37,333.3 1 0
biometrics-cli/cmd/biometrics/main.go:335.2,335.61 1 0
biometrics-cli/cmd/biometrics/main.go:338.51,365.2 4 0
biometrics-cli/cmd/biometrics/main.go:367.43,383.38 3 0
biometrics-cli/cmd/biometrics/main.go:383.38,384.46 1 0
biometrics-cli/cmd/biometrics/main.go:384.46,386.4 1 0
biometrics-cli/cmd/biometrics/main.go:389.2,396.43 2 0
biometrics-cli/cmd/biometrics/main.go:396.43,397.46 1 0
biometrics-cli/cmd/biometrics/main.go:397.46,399.4 1 0
biometrics-cli/cmd/biometrics/main.go:402.2,403.47 2 0
biometrics-cli/cmd/biometrics/main.go:403.47,405.17 2 0
biometrics-cli/cmd/biometrics/main.go:405.17,408.23 3 0
biometrics-cli/cmd/biometrics/main.go:408.23,410.37 2 0
biometrics-cli/cmd/biometrics/main.go:410.37,411.14 1 0
biometrics-cli/cmd/biometrics/main.go:413.5,414.24 2 0
biometrics-cli/cmd/biometrics/main.go:414.24,417.78 3 0
biometrics-cli/cmd/biometrics/main.go:417.78,419.7 1 0
biometrics-cli/cmd/biometrics/main.go:425.2,426.48 2 0
biometrics-cli/cmd/biometrics/main.go:426.48,428.17 2 0
biometrics-cli/cmd/biometrics/main.go:428.17,431.23 3 0
biometrics-cli/cmd/biometrics/main.go:431.23,433.43 2 0
biometrics-cli/cmd/biometrics/main.go:433.43,435.25 2 0
biometrics-cli/cmd/biometrics/main.go:435.25,439.80 4 0
biometrics-cli/cmd/biometrics/main.go:439.80,441.8 1 0
biometrics-cli/cmd/biometrics/main.go:448.2,448.13 1 0
biometrics-cli/cmd/biometrics/main.go:451.44,452.37 1 0
biometrics-cli/cmd/biometrics/main.go:452.37,453.40 1 0
biometrics-cli/cmd/biometrics/main.go:453.40,455.18 2 0
biometrics-cli/cmd/biometrics/main.go:455.18,457.5 1 0
biometrics-cli/cmd/biometrics/main.go:462.48,466.53 3 0
biometrics-cli/cmd/biometrics/main.go:466.53,469.3 2 0
biometrics-cli/cmd/biometrics/main.go:471.2,472.16 2 0
biometrics-cli/cmd/biometrics/main.go:472.16,475.3 2 0
biometrics-cli/cmd/biometrics/main.go:477.2,478.32 2 0
biometrics-cli/cmd/biometrics/main.go:478.32,479.88 1 0
biometrics-cli/cmd/biometrics/main.go:479.88,481.19 2 0
biometrics-cli/cmd/biometrics/main.go:481.19,483.54 2 0
biometrics-cli/cmd/biometrics/main.go:483.54,486.6 2 0
biometrics-cli/cmd/biometrics/main.go:491.2,492.16 2 0
biometrics-cli/cmd/biometrics/main.go:492.16,495.3 2 0
biometrics-cli/cmd/biometrics/main.go:497.2,497.59 1 0
biometrics-cli/cmd/biometrics/main.go:500.35,502.16 2 0
biometrics-cli/cmd/biometrics/main.go:502.16,505.3 2 0
biometrics-cli/cmd/biometrics/main.go:506.2,508.51 2 0
biometrics-cli/cmd/biometrics/main.go:511.40,514.2 2 0
biometrics-cli/cmd/biometrics/main.go:516.28,517.48 1 0
biometrics-cli/cmd/biometrics/main.go:517.48,522.35 5 0
biometrics-cli/cmd/biometrics/main.go:522.35,524.4 1 0
biometrics-cli/cmd/biometrics/main.go:524.9,526.4 1 0
biometrics-cli/cmd/biometrics/main.go:529.2,529.49 1 0
biometrics-cli/cmd/biometrics/main.go:529.49,534.35 5 0
biometrics-cli/cmd/biometrics/main.go:534.35,536.4 1 0
biometrics-cli/cmd/biometrics/main.go:536.9,538.4 1 0
biometrics-cli/cmd/biometrics/main.go:541.2,541.53 1 0
biometrics-cli/cmd/biometrics/main.go:541.53,546.35 5 0
biometrics-cli/cmd/biometrics/main.go:546.35,548.4 1 0
biometrics-cli/cmd/biometrics/main.go:548.9,550.4 1 0
biometrics-cli/cmd/biometrics/main.go:554.30,563.31 3 0
biometrics-cli/cmd/biometrics/main.go:563.31,568.35 5 0
biometrics-cli/cmd/biometrics/main.go:568.35,570.4 1 0
biometrics-cli/cmd/biometrics/main.go:570.9,572.4 1 0
biometrics-cli/cmd/biometrics/main.go:575.2,575.42 1 0
biometrics-cli/pkg/cache/invalidation.go:25.111,32.2 1 1
biometrics-cli/pkg/cache/invalidation.go:34.56,36.2 1 0
biometrics-cli/pkg/cache/invalidation.go:38.79,39.19 1 1
biometrics-cli/pkg/cache/invalidation.go:40.29,41.35 1 1
biometrics-cli/pkg/cache/invalidation.go:42.27,43.13 1 0
biometrics-cli/pkg/cache/invalidation.go:43.13,46.4 2 0
biometrics-cli/pkg/cache/invalidation.go:47.3,47.13 1 0
biometrics-cli/pkg/cache/invalidation.go:48.24,49.13 1 0
biometrics-cli/pkg/cache/invalidation.go:50.10,51.66 1 0
biometrics-cli/pkg/cache/invalidation.go:55.90,57.16 2 0
biometrics-cli/pkg/cache/invalidation.go:57.16,59.3 1 0
biometrics-cli/pkg/cache/invalidation.go:61.2,61.27 1 0
biometrics-cli/pkg/cache/invalidation.go:61.27,62.51 1 0
biometrics-cli/pkg/cache/invalidation.go:62.51,64.4 1 0
biometrics-cli/pkg/cache/invalidation.go:67.2,67.12 1 0
biometrics-cli/pkg/cache/invalidation.go:70.102,73.2 2 0
biometrics-cli/pkg/cache/invalidation.go:75.93,80.6 4 0
biometrics-cli/pkg/cache/invalidation.go:80.6,82.17 2 0
biometrics-cli/pkg/cache/invalidation.go:82.17,84.4 1 0
biometrics-cli/pkg/cache/invalidation.go:86.3,88.18 2 0
biometrics-cli/pkg/cache/invalidation.go:88.18,89.9 1 0
biometrics-cli/pkg/cache/invalidation.go:93.2,93.18 1 0
biometrics-cli/pkg/cache/invalidation.go:96.70,97.38 1 0
biometrics-cli/pkg/cache/invalidation.go:97.38,98.60 1 0
biometrics-cli/pkg/cache/invalidation.go:98.60,100.4 1 0
biometrics-cli/pkg/cache/invalidation.go:102.2,102.12 1 0
biometrics-cli/pkg/cache/metrics.go:19.38,21.2 1 7
biometrics-cli/pkg/cache/metrics.go:23.68,27.9 3 8
biometrics-cli/pkg/cache/metrics.go:27.9,29.3 1 5
biometrics-cli/pkg/cache/metrics.go:29.8,31.3 1 3
biometrics-cli/pkg/cache/metrics.go:32.2,32.51 1 8
biometrics-cli/pkg/cache/metrics.go:35.72,40.14 4 6
biometrics-cli/pkg/cache/metrics.go:40.14,42.3 1 0
biometrics-cli/pkg/cache/metrics.go:45.61,50.2 3 2
biometrics-cli/pkg/cache/metrics.go:52.45,57.16 4 1
biometrics-cli/pkg/cache/metrics.go:57.16,59.3 1 0
biometrics-cli/pkg/cache/metrics.go:60.2,60.41 1 1
biometrics-cli/pkg/cache/metrics.go:63.58,68.16 4 0
biometrics-cli/pkg/cache/metrics.go:68.16,70.3 1 0
biometrics-cli/pkg/cache/metrics.go:71.2,71.46 1 0
biometrics-cli/pkg/cache/metrics.go:74.32,84.2 8 0
biometrics-cli/pkg/cache/metrics.go:86.40,98.2 3 0
biometrics-cli/pkg/cache/redis.go:29.39,42.2 1 6
biometrics-cli/pkg/cache/redis.go:52.81,53.19 1 6
biometrics-cli/pkg/cache/redis.go:53.19,55.3 1 0
biometrics-cli/pkg/cache/redis.go:57.2,70.47 3 6
biometrics-cli/pkg/cache/redis.go:70.47,72.3 1 0
biometrics-cli/pkg/cache/redis.go:74.2,87.19 3 6
biometrics-cli/pkg/cache/redis.go:90.48,92.2 1 15
biometrics-cli/pkg/cache/redis.go:94.75,101.22 4 5
biometrics-cli/pkg/cache/redis.go:101.22,103.3 1 2
biometrics-cli/pkg/cache/redis.go:104.2,104.16 1 3
biometrics-cli/pkg/cache/redis.go:104.16,107.3 2 0
biometrics-cli/pkg/cache/redis.go:109.2,109.18 1 3
biometrics-cli/pkg/cache/redis.go:112.88,114.16 2 1
biometrics-cli/pkg/cache/redis.go:114.16,116.3 1 0
biometrics-cli/pkg/cache/redis.go:117.2,117.17 1 1
biometrics-cli/pkg/cache/redis.go:117.17,119.3 1 0
biometrics-cli/pkg/cache/redis.go:120.2,120.36 1 1
biometrics-cli/pkg/cache/redis.go:123.98,124.14 1 6
biometrics-cli/pkg/cache/redis.go:124.14,126.3 1 0
biometrics-cli/pkg/cache/redis.go:128.2,132.16 4 6
biometrics-cli/pkg/cache/redis.go:132.16,135.3 2 0
biometrics-cli/pkg/cache/redis.go:137.2,137.12 1 6
biometrics-cli/pkg/cache/redis.go:140.107,142.16 2 1
biometrics-cli/pkg/cache/redis.go:142.16,144.3 1 0
biometrics-cli/pkg/cache/redis.go:145.2,145.35 1 1
biometrics-cli/pkg/cache/redis.go:148.68,153.16 4 2
biometrics-cli/pkg/cache/redis.go:153.16,156.3 2 0
biometrics-cli/pkg/cache/redis.go:158.2,158.12 1 2
biometrics-cli/pkg/cache/redis.go:161.76,163.16 2 2
biometrics-cli/pkg/cache/redis.go:163.16,165.3 1 0
biometrics-cli/pkg/cache/redis.go:166.2,166.24 1 2
biometrics-cli/pkg/cache/redis.go:169.82,171.2 1 0
biometrics-cli/pkg/cache/redis.go:173.87,175.2 1 0
biometrics-cli/pkg/cache/redis.go:177.36,179.2 1 6
biometrics-cli/pkg/cache/redis.go:181.54,183.2 1 0
biometrics-cli/pkg/cache/redis.go:185.55,187.2 1 0
biometrics-cli/pkg/cache/redis.go:189.48,191.2 1 0
biometrics-cli/pkg/cache/redis.go:193.48,195.2 1 0
biometrics-cli/pkg/cache/strategies.go:19.85,25.2 1 1
biometrics-cli/pkg/cache/strategies.go:27.76,29.2 1 1
biometrics-cli/pkg/cache/strategies.go:31.80,33.2 1 1
biometrics-cli/pkg/cache/strategies.go:40.72,45.2 1 0
biometrics-cli/pkg/cache/strategies.go:47.76,49.2 1 0
biometrics-cli/pkg/cache/strategies.go:51.80,53.2 1 0
biometrics-cli/pkg/cache/strategies.go:60.90,65.2 1 0
biometrics-cli/pkg/cache/strategies.go:67.85,69.2 1 0
biometrics-cli/pkg/cache/strategies.go:71.89,73.2 1 0
biometrics-cli/pkg/performance/handlers.go:10.48,22.2 11 1
biometrics-cli/pkg/performance/handlers.go:24.58,25.71 1 2
biometrics-cli/pkg/performance/handlers.go:25.71,30.29 4 2
biometrics-cli/pkg/performance/handlers.go:30.29,32.4 1 1
biometrics-cli/pkg/performance/pprof.go:47.45,61.2 1 14
biometrics-cli/pkg/performance/pprof.go:77.80,78.19 1 9
biometrics-cli/pkg/performance/pprof.go:78.19,80.3 1 1
biometrics-cli/pkg/performance/pprof.go:83.2,83.61 1 9
biometrics-cli/pkg/performance/pprof.go:83.61,85.3 1 0
biometrics-cli/pkg/performance/pprof.go:88.2,96.22 4 9
biometrics-cli/pkg/performance/pprof.go:100.34,104.15 3 15
biometrics-cli/pkg/performance/pprof.go:104.15,106.3 1 9
biometrics-cli/pkg/performance/pprof.go:108.2,117.24 2 6
biometrics-cli/pkg/performance/pprof.go:117.24,118.47 1 5
biometrics-cli/pkg/performance/pprof.go:118.47,120.4 1 0
biometrics-cli/pkg/performance/pprof.go:124.2,124.25 1 6
biometrics-cli/pkg/performance/pprof.go:124.25,125.45 1 1
biometrics-cli/pkg/performance/pprof.go:125.45,127.4 1 0
biometrics-cli/pkg/performance/pprof.go:130.2,131.12 2 6
biometrics-cli/pkg/performance/pprof.go:135.33,139.16 3 6
biometrics-cli/pkg/performance/pprof.go:139.16,141.3 1 0
biometrics-cli/pkg/performance/pprof.go:143.2,146.22 2 6
biometrics-cli/pkg/performance/pprof.go:146.22,150.3 3 5
biometrics-cli/pkg/performance/pprof.go:153.2,153.27 1 6
biometrics-cli/pkg/performance/pprof.go:153.27,154.48 1 6
biometrics-cli/pkg/performance/pprof.go:154.48,156.4 1 0
biometrics-cli/pkg/performance/pprof.go:160.2,160.26 1 6
biometrics-cli/pkg/performance/pprof.go:160.26,161.47 1 5
biometrics-cli/pkg/performance/pprof.go:161.47,163.4 1 0
biometrics-cli/pkg/performance/pprof.go:167.2,167.26 1 6
biometrics-cli/pkg/performance/pprof.go:167.26,168.47 1 5
biometrics-cli/pkg/performance/pprof.go:168.47,170.4 1 0
biometrics-cli/pkg/performance/pprof.go:174.2,174.30 1 6
biometrics-cli/pkg/performance/pprof.go:174.30,175.51 1 6
biometrics-cli/pkg/performance/pprof.go:175.51,177.4 1 0
biometrics-cli/pkg/performance/pprof.go:181.2,181.25 1 6
biometrics-cli/pkg/performance/pprof.go:181.25,184.52 3 1
biometrics-cli/pkg/performance/pprof.go:184.52,186.4 1 0
biometrics-cli/pkg/performance/pprof.go:189.2,190.12 2 6
biometrics-cli/pkg/performance/pprof.go:194.46,197.16 3 5
biometrics-cli/pkg/performance/pprof.go:197.16,199.3 1 0
biometrics-cli/pkg/performance/pprof.go:201.2,203.49 2 5
biometrics-cli/pkg/performance/pprof.go:203.49,206.3 2 0
biometrics-cli/pkg/performance/pprof.go:208.2,209.12 2 5
biometrics-cli/pkg/performance/pprof.go:213.47,216.16 3 6
biometrics-cli/pkg/performance/pprof.go:216.16,218.3 1 0
biometrics-cli/pkg/performance/pprof.go:219.2,221.50 2 6
biometrics-cli/pkg/performance/pprof.go:221.50,223.3 1 0
biometrics-cli/pkg/performance/pprof.go:225.2,226.12 2 6
biometrics-cli/pkg/performance/pprof.go:230.46,233.16 3 5
biometrics-cli/pkg/performance/pprof.go:233.16,235.3 1 0
biometrics-cli/pkg/performance/pprof.go:236.2,239.20 3 5
biometrics-cli/pkg/performance/pprof.go:239.20,241.3 1 0
biometrics-cli/pkg/performance/pprof.go:243.2,243.46 1 5
biometrics-cli/pkg/performance/pprof.go:243.46,245.3 1 0
biometrics-cli/pkg/performance/pprof.go:247.2,248.12 2 5
biometrics-cli/pkg/performance/pprof.go:252.46,255.16 3 5
biometrics-cli/pkg/performance/pprof.go:255.16,257.3 1 0
biometrics-cli/pkg/performance/pprof.go:258.2,261.20 3 5
biometrics-cli/pkg/performance/pprof.go:261.20,263.3 1 0
biometrics-cli/pkg/performance/pprof.go:265.2,265.46 1 5
biometrics-cli/pkg/performance/pprof.go:265.46,267.3 1 0
biometrics-cli/pkg/performance/pprof.go:269.2,270.12 2 5
biometrics-cli/pkg/performance/pprof.go:274.50,277.16 3 6
biometrics-cli/pkg/performance/pprof.go:277.16,279.3 1 0
biometrics-cli/pkg/performance/pprof.go:280.2,283.20 3 6
biometrics-cli/pkg/performance/pprof.go:283.20,285.3 1 0
biometrics-cli/pkg/performance/pprof.go:287.2,287.46 1 6
biometrics-cli/pkg/performance/pprof.go:287.46,289.3 1 0
biometrics-cli/pkg/performance/pprof.go:291.2,292.12 2 6
biometrics-cli/pkg/performance/pprof.go:296.44,320.12 14 1
biometrics-cli/pkg/performance/pprof.go:320.12,322.72 2 1
biometrics-cli/pkg/performance/pprof.go:322.72,324.4 1 0
biometrics-cli/pkg/performance/pprof.go:327.2,327.12 1 1
biometrics-cli/pkg/performance/pprof.go:331.84,339.27 5 2
biometrics-cli/pkg/performance/pprof.go:339.27,342.17 3 2
biometrics-cli/pkg/performance/pprof.go:342.17,344.4 1 0
biometrics-cli/pkg/performance/pprof.go:346.3,346.51 1 2
biometrics-cli/pkg/performance/pprof.go:346.51,349.4 2 0
biometrics-cli/pkg/performance/pprof.go:350.3,352.33 2 2
biometrics-cli/pkg/performance/pprof.go:356.2,356.30 1 2
biometrics-cli/pkg/performance/pprof.go:356.30,359.17 3 2
biometrics-cli/pkg/performance/pprof.go:359.17,361.4 1 0
biometrics-cli/pkg/performance/pprof.go:363.3,364.47 2 2
biometrics-cli/pkg/performance/pprof.go:364.47,367.4 2 0
biometrics-cli/pkg/performance/pprof.go:368.3,370.36 2 2
biometrics-cli/pkg/performance/pprof.go:374.2,375.52 2 2
biometrics-cli/pkg/performance/pprof.go:375.52,377.3 1 0
biometrics-cli/pkg/performance/pprof.go:378.2,380.23 2 2
biometrics-cli/pkg/performance/pprof.go:384.56,386.16 2 2
biometrics-cli/pkg/performance/pprof.go:386.16,388.3 1 0
biometrics-cli/pkg/performance/pprof.go:389.2,430.12 5 2
biometrics-cli/pkg/performance/pprof.go:434.63,446.36 3 1
biometrics-cli/pkg/performance/pprof.go:446.36,447.52 1 6
biometrics-cli/pkg/performance/pprof.go:447.52,449.4 1 6
biometrics-cli/pkg/performance/pprof.go:452.2,452.17 1 1
biometrics-cli/pkg/performance/pprof.go:456.51,471.2 3 1
biometrics-cli/pkg/performance/profiling.go:45.96,47.55 2 6
biometrics-cli/pkg/performance/profiling.go:47.55,49.3 1 0
biometrics-cli/pkg/performance/profiling.go:51.2,56.8 1 6
biometrics-cli/pkg/performance/profiling.go:59.118,63.51 3 6
biometrics-cli/pkg/performance/profiling.go:63.51,65.3 1 0
biometrics-cli/pkg/performance/profiling.go:67.2,69.16 3 6
biometrics-cli/pkg/performance/profiling.go:69.16,71.3 1 0
biometrics-cli/pkg/performance/profiling.go:73.2,74.21 2 6
biometrics-cli/pkg/performance/profiling.go:75.22,76.38 1 1
biometrics-cli/pkg/performance/profiling.go:77.25,81.13 4 2
biometrics-cli/pkg/performance/profiling.go:82.24,84.21 2 0
biometrics-cli/pkg/performance/profiling.go:84.21,87.4 2 0
biometrics-cli/pkg/performance/profiling.go:88.3,91.13 4 0
biometrics-cli/pkg/performance/profiling.go:92.24,94.21 2 0
biometrics-cli/pkg/performance/profiling.go:94.21,97.4 2 0
biometrics-cli/pkg/performance/profiling.go:98.3,101.13 4 0
biometrics-cli/pkg/performance/profiling.go:102.28,104.21 2 2
biometrics-cli/pkg/performance/profiling.go:104.21,107.4 2 0
biometrics-cli/pkg/performance/profiling.go:108.3,111.13 4 2
biometrics-cli/pkg/performance/profiling.go:112.24,113.28 1 0
biometrics-cli/pkg/performance/profiling.go:114.10,116.61 2 1
biometrics-cli/pkg/performance/profiling.go:119.2,119.21 1 1
biometrics-cli/pkg/performance/profiling.go:119.21,122.3 2 0
biometrics-cli/pkg/performance/profiling.go:124.2,137.18 3 1
biometrics-cli/pkg/performance/profiling.go:137.18,139.3 1 1
biometrics-cli/pkg/performance/profiling.go:141.2,141.12 1 1
biometrics-cli/pkg/performance/profiling.go:144.87,146.52 2 1
biometrics-cli/pkg/performance/profiling.go:146.52,148.3 1 0
biometrics-cli/pkg/performance/profiling.go:151.72,156.13 4 1
biometrics-cli/pkg/performance/profiling.go:156.13,158.3 1 0
biometrics-cli/pkg/performance/profiling.go:160.2,160.21 1 1
biometrics-cli/pkg/performance/profiling.go:161.22,162.25 1 1
biometrics-cli/pkg/performance/profiling.go:163.24,164.15 1 0
biometrics-cli/pkg/performance/profiling.go:167.2,167.24 1 1
biometrics-cli/pkg/performance/profiling.go:167.24,169.3 1 1
biometrics-cli/pkg/performance/profiling.go:171.2,178.12 3 1
biometrics-cli/pkg/performance/profiling.go:181.53,184.30 3 1
biometrics-cli/pkg/performance/profiling.go:184.30,186.3 1 0
biometrics-cli/pkg/performance/profiling.go:187.2,190.34 3 1
biometrics-cli/pkg/performance/profiling.go:190.34,191.44 1 0
biometrics-cli/pkg/performance/profiling.go:191.44,193.4 1 0
biometrics-cli/pkg/performance/profiling.go:196.2,196.16 1 1
biometrics-cli/pkg/performance/profiling.go:199.63,204.30 4 3
biometrics-cli/pkg/performance/profiling.go:204.30,206.3 1 0
biometrics-cli/pkg/performance/profiling.go:207.2,207.14 1 3
biometrics-cli/pkg/performance/profiling.go:210.96,225.34 6 1
biometrics-cli/pkg/performance/profiling.go:225.34,228.17 3 5
biometrics-cli/pkg/performance/profiling.go:228.17,230.12 2 0
biometrics-cli/pkg/performance/profiling.go:233.3,234.13 2 5
biometrics-cli/pkg/performance/profiling.go:235.26,236.34 1 1
biometrics-cli/pkg/performance/profiling.go:237.29,238.39 1 1
biometrics-cli/pkg/performance/profiling.go:239.25,240.35 1 1
biometrics-cli/pkg/performance/profiling.go:241.25,242.35 1 1
biometrics-cli/pkg/performance/profiling.go:243.26,244.36 1 1
biometrics-cli/pkg/performance/profiling.go:245.26,246.42 1 0
biometrics-cli/pkg/performance/profiling.go:249.3,249.21 1 5
biometrics-cli/pkg/performance/profiling.go:249.21,250.48 1 5
biometrics-cli/pkg/performance/profiling.go:250.48,253.13 3 0
biometrics-cli/pkg/performance/profiling.go:256.3,258.35 2 5
biometrics-cli/pkg/performance/profiling.go:261.2,262.53 2 1
biometrics-cli/pkg/performance/profiling.go:262.53,264.3 1 0
biometrics-cli/pkg/performance/profiling.go:264.8,266.3 1 1
biometrics-cli/pkg/performance/profiling.go:268.2,268.23 1 1
biometrics-cli/pkg/performance/profiling.go:271.65,273.16 2 1
biometrics-cli/pkg/performance/profiling.go:273.16,275.3 1 0
biometrics-cli/pkg/performance/profiling.go:276.2,319.12 5 1
biometrics-cli/pkg/performance/profiling.go:322.57,337.2 3 11
