mode: set
biometrics-cli/pkg/metrics/metrics.go:61.71,62.19 1 1
biometrics-cli/pkg/metrics/metrics.go:62.19,65.17 3 1
biometrics-cli/pkg/metrics/metrics.go:65.17,67.4 1 0
biometrics-cli/pkg/metrics/metrics.go:70.2,231.15 24 1
biometrics-cli/pkg/metrics/metrics.go:235.74,236.71 1 1
biometrics-cli/pkg/metrics/metrics.go:236.71,251.20 10 1
biometrics-cli/pkg/metrics/metrics.go:251.20,253.4 1 0
biometrics-cli/pkg/metrics/metrics.go:263.55,266.2 2 1
biometrics-cli/pkg/metrics/metrics.go:269.104,272.19 3 1
biometrics-cli/pkg/metrics/metrics.go:272.19,274.3 1 1
biometrics-cli/pkg/metrics/metrics.go:278.72,281.2 2 1
biometrics-cli/pkg/metrics/metrics.go:284.46,286.2 1 1
biometrics-cli/pkg/metrics/metrics.go:289.59,291.2 1 1
biometrics-cli/pkg/metrics/metrics.go:294.70,296.2 1 1
biometrics-cli/pkg/metrics/metrics.go:299.68,301.2 1 1
biometrics-cli/pkg/metrics/metrics.go:304.47,306.2 1 1
biometrics-cli/pkg/metrics/metrics.go:309.59,311.2 1 1
biometrics-cli/pkg/metrics/metrics.go:314.48,316.2 1 1
biometrics-cli/pkg/metrics/metrics.go:319.91,321.13 2 1
biometrics-cli/pkg/metrics/metrics.go:321.13,323.3 1 1
biometrics-cli/pkg/metrics/metrics.go:323.8,325.3 1 1
biometrics-cli/pkg/metrics/metrics.go:329.49,337.2 6 1
biometrics-cli/pkg/metrics/metrics.go:340.99,344.48 3 1
biometrics-cli/pkg/metrics/metrics.go:344.48,346.3 1 1
biometrics-cli/pkg/metrics/metrics.go:348.2,348.50 1 1
biometrics-cli/pkg/metrics/metrics.go:348.50,350.3 1 0
biometrics-cli/pkg/metrics/metrics.go:352.2,354.12 3 1
biometrics-cli/pkg/metrics/metrics.go:358.69,363.13 4 1
biometrics-cli/pkg/metrics/metrics.go:363.13,365.3 1 1
biometrics-cli/pkg/metrics/metrics.go:367.2,367.34 1 1
biometrics-cli/pkg/metrics/metrics.go:367.34,369.3 1 0
biometrics-cli/pkg/metrics/metrics.go:371.2,373.12 3 1
biometrics-cli/pkg/metrics/metrics.go:377.86,382.13 4 1
biometrics-cli/pkg/metrics/metrics.go:382.13,384.3 1 1
biometrics-cli/pkg/metrics/metrics.go:386.2,386.23 1 1
biometrics-cli/pkg/metrics/metrics.go:390.88,403.2 5 1
biometrics-cli/pkg/metrics/metrics.go:406.84,419.2 5 1
biometrics-cli/pkg/metrics/metrics.go:422.111,436.2 5 1
biometrics-cli/pkg/metrics/metrics.go:439.116,453.2 5 1
biometrics-cli/pkg/metrics/metrics.go:456.57,461.2 1 1
biometrics-cli/pkg/metrics/metrics.go:464.86,467.73 3 1
biometrics-cli/pkg/metrics/metrics.go:467.73,470.3 2 0
biometrics-cli/pkg/metrics/metrics.go:472.2,479.12 2 1
biometrics-cli/pkg/metrics/metrics.go:479.12,481.80 2 1
biometrics-cli/pkg/metrics/metrics.go:481.80,483.4 1 0
biometrics-cli/pkg/metrics/metrics.go:486.2,486.12 1 1
biometrics-cli/pkg/metrics/metrics.go:486.12,490.54 4 1
biometrics-cli/pkg/metrics/metrics.go:490.54,492.4 1 0
biometrics-cli/pkg/metrics/metrics.go:495.2,495.12 1 1
biometrics-cli/pkg/metrics/metrics.go:499.61,501.2 1 1
biometrics-cli/pkg/metrics/metrics.go:504.72,510.16 4 1
biometrics-cli/pkg/metrics/metrics.go:510.16,512.3 1 0
biometrics-cli/pkg/metrics/metrics.go:514.2,514.36 1 1
biometrics-cli/pkg/metrics/metrics.go:514.36,515.36 1 1
biometrics-cli/pkg/metrics/metrics.go:515.36,517.27 2 1
biometrics-cli/pkg/metrics/metrics.go:517.27,519.5 1 1
biometrics-cli/pkg/metrics/metrics.go:519.10,519.36 1 1
biometrics-cli/pkg/metrics/metrics.go:519.36,521.5 1 1
biometrics-cli/pkg/metrics/metrics.go:523.4,524.39 2 1
biometrics-cli/pkg/metrics/metrics.go:524.39,526.5 1 1
biometrics-cli/pkg/metrics/metrics.go:528.4,529.25 2 1
biometrics-cli/pkg/metrics/metrics.go:529.25,531.5 1 1
biometrics-cli/pkg/metrics/metrics.go:533.4,533.24 1 1
biometrics-cli/pkg/metrics/metrics.go:537.2,537.21 1 1
biometrics-cli/pkg/metrics/metrics.go:541.44,546.47 3 1
biometrics-cli/pkg/metrics/metrics.go:546.47,549.3 2 1
biometrics-cli/pkg/metrics/metrics.go:551.2,552.12 2 1
biometrics-cli/pkg/metrics/metrics.go:556.70,571.2 2 1
biometrics-cli/pkg/cert/cert.go:88.34,102.2 1 1
biometrics-cli/pkg/cert/cert.go:104.50,113.2 1 1
biometrics-cli/pkg/cert/cert.go:115.50,126.2 1 1
biometrics-cli/pkg/cert/cert.go:128.106,129.17 1 1
biometrics-cli/pkg/cert/cert.go:130.18,131.22 1 1
biometrics-cli/pkg/cert/cert.go:131.22,133.4 1 1
biometrics-cli/pkg/cert/cert.go:134.3,134.50 1 1
biometrics-cli/pkg/cert/cert.go:135.20,136.24 1 1
biometrics-cli/pkg/cert/cert.go:136.24,138.4 1 0
biometrics-cli/pkg/cert/cert.go:139.3,139.52 1 1
biometrics-cli/pkg/cert/cert.go:140.22,142.19 2 1
biometrics-cli/pkg/cert/cert.go:143.10,144.32 1 0
biometrics-cli/pkg/cert/cert.go:148.38,152.2 3 1
biometrics-cli/pkg/cert/cert.go:154.57,155.19 1 1
biometrics-cli/pkg/cert/cert.go:155.19,157.3 1 1
biometrics-cli/pkg/cert/cert.go:159.2,160.16 2 1
biometrics-cli/pkg/cert/cert.go:160.16,162.3 1 0
biometrics-cli/pkg/cert/cert.go:164.2,165.25 2 1
biometrics-cli/pkg/cert/cert.go:165.25,167.3 1 1
biometrics-cli/pkg/cert/cert.go:169.2,170.24 2 1
biometrics-cli/pkg/cert/cert.go:170.24,172.3 1 1
biometrics-cli/pkg/cert/cert.go:174.2,175.23 2 1
biometrics-cli/pkg/cert/cert.go:175.23,177.3 1 1
biometrics-cli/pkg/cert/cert.go:179.2,191.16 3 1
biometrics-cli/pkg/cert/cert.go:191.16,193.3 1 0
biometrics-cli/pkg/cert/cert.go:195.2,201.16 3 1
biometrics-cli/pkg/cert/cert.go:201.16,203.3 1 0
biometrics-cli/pkg/cert/cert.go:205.2,206.16 2 1
biometrics-cli/pkg/cert/cert.go:206.16,208.3 1 0
biometrics-cli/pkg/cert/cert.go:210.2,216.8 1 1
biometrics-cli/pkg/cert/cert.go:219.97,220.15 1 1
biometrics-cli/pkg/cert/cert.go:220.15,222.3 1 1
biometrics-cli/pkg/cert/cert.go:223.2,223.19 1 1
biometrics-cli/pkg/cert/cert.go:223.19,225.3 1 1
biometrics-cli/pkg/cert/cert.go:227.2,228.16 2 1
biometrics-cli/pkg/cert/cert.go:228.16,230.3 1 0
biometrics-cli/pkg/cert/cert.go:232.2,234.24 3 1
biometrics-cli/pkg/cert/cert.go:234.24,236.3 1 0
biometrics-cli/pkg/cert/cert.go:237.2,238.23 2 1
biometrics-cli/pkg/cert/cert.go:238.23,240.3 1 0
biometrics-cli/pkg/cert/cert.go:242.2,257.16 3 1
biometrics-cli/pkg/cert/cert.go:257.16,259.3 1 0
biometrics-cli/pkg/cert/cert.go:261.2,267.16 3 1
biometrics-cli/pkg/cert/cert.go:267.16,269.3 1 0
biometrics-cli/pkg/cert/cert.go:271.2,272.16 2 1
biometrics-cli/pkg/cert/cert.go:272.16,274.3 1 0
biometrics-cli/pkg/cert/cert.go:276.2,282.8 1 1
biometrics-cli/pkg/cert/cert.go:285.97,286.15 1 1
biometrics-cli/pkg/cert/cert.go:286.15,288.3 1 1
biometrics-cli/pkg/cert/cert.go:289.2,289.19 1 1
biometrics-cli/pkg/cert/cert.go:289.19,291.3 1 1
biometrics-cli/pkg/cert/cert.go:293.2,294.16 2 1
biometrics-cli/pkg/cert/cert.go:294.16,296.3 1 0
biometrics-cli/pkg/cert/cert.go:298.2,300.24 3 1
biometrics-cli/pkg/cert/cert.go:300.24,302.3 1 0
biometrics-cli/pkg/cert/cert.go:303.2,304.23 2 1
biometrics-cli/pkg/cert/cert.go:304.23,306.3 1 0
biometrics-cli/pkg/cert/cert.go:308.2,318.16 3 1
biometrics-cli/pkg/cert/cert.go:318.16,320.3 1 0
biometrics-cli/pkg/cert/cert.go:322.2,328.16 3 1
biometrics-cli/pkg/cert/cert.go:328.16,330.3 1 0
biometrics-cli/pkg/cert/cert.go:332.2,333.16 2 1
biometrics-cli/pkg/cert/cert.go:333.16,335.3 1 0
biometrics-cli/pkg/cert/cert.go:337.2,343.8 1 1
biometrics-cli/pkg/cert/cert.go:346.78,347.17 1 1
biometrics-cli/pkg/cert/cert.go:347.17,349.3 1 1
biometrics-cli/pkg/cert/cert.go:351.2,352.32 2 1
biometrics-cli/pkg/cert/cert.go:352.32,354.3 1 1
biometrics-cli/pkg/cert/cert.go:355.2,355.30 1 1
biometrics-cli/pkg/cert/cert.go:355.30,357.3 1 1
biometrics-cli/pkg/cert/cert.go:359.2,359.18 1 1
biometrics-cli/pkg/cert/cert.go:359.18,363.46 2 0
biometrics-cli/pkg/cert/cert.go:363.46,365.4 1 0
biometrics-cli/pkg/cert/cert.go:368.2,368.12 1 1
biometrics-cli/pkg/cert/cert.go:371.74,372.38 1 1
biometrics-cli/pkg/cert/cert.go:372.38,374.3 1 1
biometrics-cli/pkg/cert/cert.go:376.2,379.46 3 1
biometrics-cli/pkg/cert/cert.go:379.46,381.3 1 1
biometrics-cli/pkg/cert/cert.go:383.2,383.12 1 1
biometrics-cli/pkg/cert/cert.go:386.52,387.32 1 1
biometrics-cli/pkg/cert/cert.go:388.23,389.22 1 1
biometrics-cli/pkg/cert/cert.go:390.25,391.22 1 1
biometrics-cli/pkg/cert/cert.go:392.26,393.40 1 1
biometrics-cli/pkg/cert/cert.go:394.10,395.13 1 0
biometrics-cli/pkg/cert/cert.go:399.45,400.23 1 1
biometrics-cli/pkg/cert/cert.go:401.22,403.10 2 0
biometrics-cli/pkg/cert/cert.go:403.10,405.4 1 0
biometrics-cli/pkg/cert/cert.go:406.3,406.41 1 0
biometrics-cli/pkg/cert/cert.go:407.24,409.10 2 1
biometrics-cli/pkg/cert/cert.go:409.10,411.4 1 0
biometrics-cli/pkg/cert/cert.go:412.3,412.70 1 1
biometrics-cli/pkg/cert/cert.go:413.25,415.10 2 0
biometrics-cli/pkg/cert/cert.go:415.10,417.4 1 0
biometrics-cli/pkg/cert/cert.go:418.3,418.20 1 0
biometrics-cli/pkg/cert/cert.go:419.10,420.15 1 0
biometrics-cli/pkg/cert/cert.go:424.63,428.32 3 1
biometrics-cli/pkg/cert/cert.go:429.23,431.30 2 1
biometrics-cli/pkg/cert/cert.go:432.25,435.17 3 1
biometrics-cli/pkg/cert/cert.go:435.17,437.4 1 0
biometrics-cli/pkg/cert/cert.go:438.3,438.29 1 1
biometrics-cli/pkg/cert/cert.go:439.26,442.17 3 1
biometrics-cli/pkg/cert/cert.go:442.17,444.4 1 0
biometrics-cli/pkg/cert/cert.go:445.3,445.26 1 1
biometrics-cli/pkg/cert/cert.go:446.10,447.32 1 0
biometrics-cli/pkg/cert/cert.go:450.2,453.9 1 1
biometrics-cli/pkg/cert/cert.go:456.73,457.17 1 1
biometrics-cli/pkg/cert/cert.go:457.17,459.3 1 1
biometrics-cli/pkg/cert/cert.go:461.2,461.66 1 1
biometrics-cli/pkg/cert/cert.go:461.66,463.3 1 0
biometrics-cli/pkg/cert/cert.go:465.2,465.67 1 1
biometrics-cli/pkg/cert/cert.go:465.67,467.3 1 0
biometrics-cli/pkg/cert/cert.go:469.2,469.65 1 1
biometrics-cli/pkg/cert/cert.go:469.65,471.3 1 0
biometrics-cli/pkg/cert/cert.go:473.2,473.12 1 1
biometrics-cli/pkg/cert/cert.go:476.70,478.16 2 1
biometrics-cli/pkg/cert/cert.go:478.16,480.3 1 0
biometrics-cli/pkg/cert/cert.go:482.2,483.16 2 1
biometrics-cli/pkg/cert/cert.go:483.16,485.3 1 0
biometrics-cli/pkg/cert/cert.go:487.2,488.22 2 1
biometrics-cli/pkg/cert/cert.go:488.22,490.3 1 0
biometrics-cli/pkg/cert/cert.go:492.2,493.16 2 1
biometrics-cli/pkg/cert/cert.go:493.16,495.3 1 0
biometrics-cli/pkg/cert/cert.go:497.2,498.21 2 1
biometrics-cli/pkg/cert/cert.go:498.21,500.3 1 0
biometrics-cli/pkg/cert/cert.go:502.2,503.23 2 1
biometrics-cli/pkg/cert/cert.go:504.25,505.62 1 0
biometrics-cli/pkg/cert/cert.go:506.24,507.59 1 1
biometrics-cli/pkg/cert/cert.go:508.21,509.62 1 0
biometrics-cli/pkg/cert/cert.go:510.10,511.64 1 0
biometrics-cli/pkg/cert/cert.go:513.2,513.16 1 1
biometrics-cli/pkg/cert/cert.go:513.16,515.3 1 0
biometrics-cli/pkg/cert/cert.go:517.2,523.8 1 1
biometrics-cli/pkg/cert/cert.go:526.73,528.29 2 1
biometrics-cli/pkg/cert/cert.go:528.29,530.3 1 1
biometrics-cli/pkg/cert/cert.go:531.2,531.18 1 1
